<?xml version="1.0" encoding="UTF-8"?>
<testng-results skipped="0" failed="0" ignored="0" total="1" passed="1">
  <reporter-output>
  </reporter-output>
  <suite name="Default suite" duration-ms="33086" started-at="2019-06-03T12:30:38Z" finished-at="2019-06-03T12:31:11Z">
    <groups>
    </groups>
    <test name="Default test" duration-ms="33086" started-at="2019-06-03T12:30:38Z" finished-at="2019-06-03T12:31:11Z">
      <class name="TestCases.TestRunner">
        <test-method status="PASS" signature="openBrowser()[pri:0, instance:TestCases.TestRunner@59fa1d9b]" name="openBrowser" is-config="true" duration-ms="11743" started-at="2019-06-03T18:00:38Z" finished-at="2019-06-03T18:00:50Z">
          <reporter-output>
          </reporter-output>
        </test-method> <!-- openBrowser -->
        <test-method status="PASS" signature="testCase1()[pri:0, instance:TestCases.TestRunner@59fa1d9b]" name="testCase1" duration-ms="21304" started-at="2019-06-03T18:00:50Z" finished-at="2019-06-03T18:01:11Z">
          <reporter-output>
          </reporter-output>
        </test-method> <!-- testCase1 -->
      </class> <!-- TestCases.TestRunner -->
    </test> <!-- Default test -->
  </suite> <!-- Default suite -->
</testng-results>
